<?xml version="1.0" encoding="UTF-8"?>
<testsuite name="com.atsistemas.cygnus.services.sadr.ApplicationTests" time="0.047" tests="1" errors="1" skipped="0" failures="0">
  <properties>
[...]
</properties>
  <testcase name="contextLoads" classname="com.atsistemas.cygnus.services.sadr.ApplicationTests" time="0.047">
    <error type="java.lang.ExceptionInInitializerError:"><![CDATA[java.lang.ExceptionInInitializerError: null
	at com.atsistemas.cygnus.services.sadr.ApplicationTests.<clinit>(ApplicationTests.java:13)
]]></error>
    <system-out><![CDATA[2016-12-03 12:17:08.134  INFO   --- [           main] .b.t.c.SpringBootTestContextBootstrapper : Neither @ContextConfiguration nor @ContextHierarchy found for test class [com.atsistemas.cygnus.services.sadr.ApplicationTests], using SpringBootContextLoader
2016-12-03 12:17:08.165  INFO   --- [           main] o.s.t.c.support.AbstractContextLoader    : Could not detect default resource locations for test class [com.atsistemas.cygnus.services.sadr.ApplicationTests]: no resource found for suffixes {-context.xml, Context.groovy}.
2016-12-03 12:17:08.165  INFO   --- [           main] t.c.s.AnnotationConfigContextLoaderUtils : Could not detect default configuration classes for test class [com.atsistemas.cygnus.services.sadr.ApplicationTests]: ApplicationTests does not declare any static, non-private, non-final, nested classes annotated with @Configuration.
2016-12-03 12:17:08.712  INFO   --- [           main] .b.t.c.SpringBootTestContextBootstrapper : Found @SpringBootConfiguration com.atsistemas.cygnus.services.sadr.Application for test class com.atsistemas.cygnus.services.sadr.ApplicationTests
2016-12-03 12:17:08.728  INFO   --- [           main] .b.t.c.SpringBootTestContextBootstrapper : Loaded default TestExecutionListener class names from location [META-INF/spring.factories]: [org.springframework.boot.test.mock.mockito.MockitoTestExecutionListener, org.springframework.boot.test.mock.mockito.ResetMocksTestExecutionListener, org.springframework.boot.test.autoconfigure.AutoConfigureReportTestExecutionListener, org.springframework.boot.test.autoconfigure.restdocs.RestDocsTestExecutionListener, org.springframework.boot.test.autoconfigure.web.client.MockRestServiceServerResetTestExecutionListener, org.springframework.test.context.web.ServletTestExecutionListener, org.springframework.test.context.support.DirtiesContextBeforeModesTestExecutionListener, org.springframework.test.context.support.DependencyInjectionTestExecutionListener, org.springframework.test.context.support.DirtiesContextTestExecutionListener, org.springframework.test.context.transaction.TransactionalTestExecutionListener, org.springframework.test.context.jdbc.SqlScriptsTestExecutionListener]
2016-12-03 12:17:08.806  INFO   --- [           main] .b.t.c.SpringBootTestContextBootstrapper : Could not instantiate TestExecutionListener [org.springframework.test.context.jdbc.SqlScriptsTestExecutionListener]. Specify custom listener classes or make the default listener classes (and their required dependencies) available. Offending class: [org/springframework/transaction/interceptor/TransactionAttribute]
2016-12-03 12:17:08.806  INFO   --- [           main] .b.t.c.SpringBootTestContextBootstrapper : Could not instantiate TestExecutionListener [org.springframework.test.context.transaction.TransactionalTestExecutionListener]. Specify custom listener classes or make the default listener classes (and their required dependencies) available. Offending class: [org/springframework/transaction/interceptor/TransactionAttributeSource]
2016-12-03 12:17:08.821  INFO   --- [           main] .b.t.c.SpringBootTestContextBootstrapper : Using TestExecutionListeners: [org.springframework.test.context.web.ServletTestExecutionListener@34a3d150, org.springframework.test.context.support.DirtiesContextBeforeModesTestExecutionListener@2a4fb17b, org.springframework.boot.test.autoconfigure.AutoConfigureReportTestExecutionListener@5c6648b0, org.springframework.test.context.support.DependencyInjectionTestExecutionListener@6f1de4c7, org.springframework.test.context.support.DirtiesContextTestExecutionListener@459e9125, org.springframework.boot.test.mock.mockito.ResetMocksTestExecutionListener@128d2484, org.springframework.boot.test.autoconfigure.restdocs.RestDocsTestExecutionListener@7cc0cdad, org.springframework.boot.test.mock.mockito.MockitoTestExecutionListener@7c7b252e, org.springframework.boot.test.autoconfigure.web.client.MockRestServiceServerResetTestExecutionListener@4d5d943d]
2016-12-03 12:17:08.837  INFO   --- [           main] .b.t.c.SpringBootTestContextBootstrapper : Neither @ContextConfiguration nor @ContextHierarchy found for test class [com.atsistemas.cygnus.services.sadr.ApplicationTests], using SpringBootContextLoader
2016-12-03 12:17:08.837  INFO   --- [           main] o.s.t.c.support.AbstractContextLoader    : Could not detect default resource locations for test class [com.atsistemas.cygnus.services.sadr.ApplicationTests]: no resource found for suffixes {-context.xml, Context.groovy}.
2016-12-03 12:17:08.837  INFO   --- [           main] t.c.s.AnnotationConfigContextLoaderUtils : Could not detect default configuration classes for test class [com.atsistemas.cygnus.services.sadr.ApplicationTests]: ApplicationTests does not declare any static, non-private, non-final, nested classes annotated with @Configuration.
2016-12-03 12:17:08.853  INFO   --- [           main] .b.t.c.SpringBootTestContextBootstrapper : Found @SpringBootConfiguration com.atsistemas.cygnus.services.sadr.Application for test class com.atsistemas.cygnus.services.sadr.ApplicationTests
2016-12-03 12:17:08.884  INFO   --- [           main] .b.t.c.SpringBootTestContextBootstrapper : Loaded default TestExecutionListener class names from location [META-INF/spring.factories]: [org.springframework.boot.test.mock.mockito.MockitoTestExecutionListener, org.springframework.boot.test.mock.mockito.ResetMocksTestExecutionListener, org.springframework.boot.test.autoconfigure.AutoConfigureReportTestExecutionListener, org.springframework.boot.test.autoconfigure.restdocs.RestDocsTestExecutionListener, org.springframework.boot.test.autoconfigure.web.client.MockRestServiceServerResetTestExecutionListener, org.springframework.test.context.web.ServletTestExecutionListener, org.springframework.test.context.support.DirtiesContextBeforeModesTestExecutionListener, org.springframework.test.context.support.DependencyInjectionTestExecutionListener, org.springframework.test.context.support.DirtiesContextTestExecutionListener, org.springframework.test.context.transaction.TransactionalTestExecutionListener, org.springframework.test.context.jdbc.SqlScriptsTestExecutionListener]
2016-12-03 12:17:08.884  INFO   --- [           main] .b.t.c.SpringBootTestContextBootstrapper : Could not instantiate TestExecutionListener [org.springframework.test.context.jdbc.SqlScriptsTestExecutionListener]. Specify custom listener classes or make the default listener classes (and their required dependencies) available. Offending class: [org/springframework/transaction/interceptor/TransactionAttribute]
2016-12-03 12:17:08.884  INFO   --- [           main] .b.t.c.SpringBootTestContextBootstrapper : Could not instantiate TestExecutionListener [org.springframework.test.context.transaction.TransactionalTestExecutionListener]. Specify custom listener classes or make the default listener classes (and their required dependencies) available. Offending class: [org/springframework/transaction/interceptor/TransactionAttributeSource]
2016-12-03 12:17:08.900  INFO   --- [           main] .b.t.c.SpringBootTestContextBootstrapper : Using TestExecutionListeners: [org.springframework.test.context.web.ServletTestExecutionListener@1f2586d6, org.springframework.test.context.support.DirtiesContextBeforeModesTestExecutionListener@10683d9d, org.springframework.boot.test.autoconfigure.AutoConfigureReportTestExecutionListener@3fc2959f, org.springframework.test.context.support.DependencyInjectionTestExecutionListener@5aa9e4eb, org.springframework.test.context.support.DirtiesContextTestExecutionListener@6989da5e, org.springframework.boot.test.mock.mockito.ResetMocksTestExecutionListener@385c9627, org.springframework.boot.test.autoconfigure.restdocs.RestDocsTestExecutionListener@139982de, org.springframework.boot.test.mock.mockito.MockitoTestExecutionListener@682b2fa, org.springframework.boot.test.autoconfigure.web.client.MockRestServiceServerResetTestExecutionListener@217ed35e]
]]></system-out>
  </testcase>
</testsuite>